Oct 05, 2020 7:14:06 PM HoroscopeBot logging
INFO: New request 'l' from user 'frixotrix'. Request count: 25. User count: 2
Oct 05, 2020 7:14:09 PM HoroscopeBot logging
INFO: New request 'l' from user 'levianlink'. Request count: 26. User count: 2
Oct 05, 2020 8:04:20 PM HoroscopeBot logging
INFO: New request '/start' from user 'levianlink'. Request count: 1. User count: 0
Oct 05, 2020 8:04:23 PM HoroscopeBot logging
INFO: New request 'овен' from user 'levianlink'. Request count: 2. User count: 1
Oct 05, 2020 8:17:45 PM HoroscopeBot logging
INFO: New request '/start' from user 'levianlink'. Request count: 1. User count: 0
Oct 05, 2020 8:17:48 PM HoroscopeBot logging
INFO: New request 'телец' from user 'levianlink'. Request count: 2. User count: 1
Oct 05, 2020 8:17:51 PM HoroscopeBot logging
INFO: New request 'Любовь' from user 'levianlink'. Request count: 3. User count: 1
Oct 05, 2020 8:17:54 PM HoroscopeBot logging
INFO: New request 'Здоровье' from user 'levianlink'. Request count: 4. User count: 1
Oct 05, 2020 8:18:07 PM HoroscopeBot logging
INFO: New request 'Бизнес' from user 'levianlink'. Request count: 5. User count: 1
Oct 05, 2020 8:18:09 PM HoroscopeBot logging
INFO: New request 'дева' from user 'levianlink'. Request count: 6. User count: 1
Oct 05, 2020 8:18:11 PM HoroscopeBot logging
INFO: New request 'Любовь' from user 'levianlink'. Request count: 7. User count: 1
Oct 05, 2020 8:18:12 PM HoroscopeBot logging
INFO: New request 'Здоровье' from user 'levianlink'. Request count: 8. User count: 1
Oct 05, 2020 8:18:14 PM HoroscopeBot logging
INFO: New request 'Бизнес' from user 'levianlink'. Request count: 9. User count: 1
Oct 05, 2020 8:19:28 PM HoroscopeBot logging
INFO: New request 'овен' from user 'levianlink'. Request count: 1. User count: 1
Oct 05, 2020 11:39:46 PM HoroscopeBot logging
INFO: New request '/start' from user 'levianlink'. Request count: 1. User count: 0
Oct 05, 2020 11:39:53 PM HoroscopeBot logging
INFO: New request 'овен' from user 'levianlink'. Request count: 2. User count: 1
Oct 05, 2020 11:39:55 PM HoroscopeBot logging
INFO: New request 'Любовь' from user 'levianlink'. Request count: 3. User count: 1
Oct 05, 2020 11:39:56 PM HoroscopeBot logging
INFO: New request 'Здоровье' from user 'levianlink'. Request count: 4. User count: 1
Oct 05, 2020 11:39:57 PM HoroscopeBot logging
INFO: New request 'Бизнес' from user 'levianlink'. Request count: 5. User count: 1
Oct 05, 2020 11:40:18 PM HoroscopeBot logging
INFO: New request 'лев' from user 'levianlink'. Request count: 6. User count: 1
Oct 05, 2020 11:40:22 PM HoroscopeBot logging
INFO: New request 'рыбы' from user 'levianlink'. Request count: 7. User count: 1
Oct 05, 2020 11:40:23 PM HoroscopeBot logging
INFO: New request 'водолей' from user 'levianlink'. Request count: 8. User count: 1
Oct 05, 2020 11:40:23 PM HoroscopeBot logging
INFO: New request 'козерог' from user 'levianlink'. Request count: 9. User count: 1
Oct 05, 2020 11:40:24 PM HoroscopeBot logging
INFO: New request 'стрелец' from user 'levianlink'. Request count: 10. User count: 1
Oct 05, 2020 11:40:33 PM HoroscopeBot logging
INFO: New request 'Любовь' from user 'levianlink'. Request count: 11. User count: 1
Oct 05, 2020 11:40:35 PM HoroscopeBot logging
INFO: New request 'Здоровье' from user 'levianlink'. Request count: 12. User count: 1
Oct 05, 2020 11:40:37 PM HoroscopeBot logging
INFO: New request 'Бизнес' from user 'levianlink'. Request count: 13. User count: 1
Oct 05, 2020 11:40:44 PM HoroscopeBot logging
INFO: New request 'скорпион' from user 'levianlink'. Request count: 14. User count: 1
Oct 05, 2020 11:40:45 PM HoroscopeBot logging
INFO: New request 'весы' from user 'levianlink'. Request count: 15. User count: 1
Oct 05, 2020 11:40:49 PM HoroscopeBot logging
INFO: New request 'дева' from user 'levianlink'. Request count: 16. User count: 1
Oct 05, 2020 11:40:50 PM HoroscopeBot logging
INFO: New request 'лев' from user 'levianlink'. Request count: 17. User count: 1
Oct 05, 2020 11:40:51 PM HoroscopeBot logging
INFO: New request 'рак' from user 'levianlink'. Request count: 18. User count: 1
Oct 05, 2020 11:40:51 PM HoroscopeBot logging
INFO: New request 'близнецы' from user 'levianlink'. Request count: 19. User count: 1
Oct 05, 2020 11:40:52 PM HoroscopeBot logging
INFO: New request 'телец' from user 'levianlink'. Request count: 20. User count: 1
Oct 05, 2020 11:40:53 PM HoroscopeBot logging
INFO: New request 'овен' from user 'levianlink'. Request count: 21. User count: 1
Oct 05, 2020 11:40:55 PM HoroscopeBot logging
INFO: New request 'Любовь' from user 'levianlink'. Request count: 22. User count: 1
Oct 05, 2020 11:40:56 PM HoroscopeBot logging
INFO: New request 'Здоровье' from user 'levianlink'. Request count: 23. User count: 1
Oct 05, 2020 11:40:56 PM HoroscopeBot logging
INFO: New request 'Бизнес' from user 'levianlink'. Request count: 24. User count: 1
Oct 05, 2020 11:40:58 PM HoroscopeBot logging
INFO: New request 'ку' from user 'levianlink'. Request count: 25. User count: 1
Oct 05, 2020 11:41:11 PM HoroscopeBot logging
INFO: New request 'люк' from user 'levianlink'. Request count: 26. User count: 1
Oct 05, 2020 11:41:16 PM HoroscopeBot logging
INFO: New request 'козерог' from user 'levianlink'. Request count: 27. User count: 1
