Oct 04, 2020 3:42:46 PM com.leviancode.HoroscopeBot logging
INFO: New request 'телец' from user 'frixotrix'. Request count: 1. User count: 1
Oct 04, 2020 3:42:49 PM com.leviancode.HoroscopeBot logging
INFO: New request 'дева' from user 'frixotrix'. Request count: 2. User count: 1
Oct 04, 2020 3:42:53 PM com.leviancode.HoroscopeBot logging
INFO: New request 'l' from user 'frixotrix'. Request count: 3. User count: 1
Oct 04, 2020 3:42:57 PM com.leviancode.HoroscopeBot logging
INFO: New request 'h' from user 'frixotrix'. Request count: 4. User count: 1
Oct 04, 2020 3:42:59 PM com.leviancode.HoroscopeBot logging
INFO: New request 'b' from user 'frixotrix'. Request count: 5. User count: 1
Oct 04, 2020 3:43:00 PM com.leviancode.HoroscopeBot logging
INFO: New request 'l' from user 'frixotrix'. Request count: 6. User count: 1
Oct 04, 2020 3:43:03 PM com.leviancode.HoroscopeBot logging
INFO: New request 'l' from user 'frixotrix'. Request count: 7. User count: 1
Oct 04, 2020 3:43:06 PM com.leviancode.HoroscopeBot logging
INFO: New request 'h' from user 'frixotrix'. Request count: 8. User count: 1
Oct 04, 2020 3:43:08 PM com.leviancode.HoroscopeBot logging
INFO: New request 'b' from user 'frixotrix'. Request count: 9. User count: 1
Oct 04, 2020 3:43:11 PM com.leviancode.HoroscopeBot logging
INFO: New request 'скорпион' from user 'frixotrix'. Request count: 10. User count: 1
Oct 04, 2020 3:43:12 PM com.leviancode.HoroscopeBot logging
INFO: New request 'стрелец' from user 'frixotrix'. Request count: 11. User count: 1
Oct 04, 2020 3:43:15 PM com.leviancode.HoroscopeBot logging
INFO: New request 'h' from user 'frixotrix'. Request count: 12. User count: 1
Oct 04, 2020 3:43:18 PM com.leviancode.HoroscopeBot logging
INFO: New request 'h' from user 'frixotrix'. Request count: 13. User count: 1
Oct 04, 2020 3:44:30 PM com.leviancode.HoroscopeBot logging
INFO: New request '/start' from user 'levianlink'. Request count: 14. User count: 1
Oct 04, 2020 3:44:33 PM com.leviancode.HoroscopeBot logging
INFO: New request 'лев' from user 'levianlink'. Request count: 15. User count: 2
Oct 04, 2020 3:44:35 PM com.leviancode.HoroscopeBot logging
INFO: New request 'l' from user 'levianlink'. Request count: 16. User count: 2
Oct 04, 2020 3:44:37 PM com.leviancode.HoroscopeBot logging
INFO: New request 'h' from user 'levianlink'. Request count: 17. User count: 2
Oct 04, 2020 3:44:40 PM com.leviancode.HoroscopeBot logging
INFO: New request 'b' from user 'levianlink'. Request count: 18. User count: 2
Oct 04, 2020 3:44:42 PM com.leviancode.HoroscopeBot logging
INFO: New request 'стрелец' from user 'levianlink'. Request count: 19. User count: 2
Oct 04, 2020 3:44:47 PM com.leviancode.HoroscopeBot logging
INFO: New request 'l' from user 'levianlink'. Request count: 20. User count: 2
Oct 04, 2020 3:44:53 PM com.leviancode.HoroscopeBot logging
INFO: New request 'l' from user 'levianlink'. Request count: 21. User count: 2
Oct 04, 2020 3:44:55 PM com.leviancode.HoroscopeBot logging
INFO: New request 'c' from user 'levianlink'. Request count: 22. User count: 2
Oct 04, 2020 3:45:42 PM com.leviancode.HoroscopeBot logging
INFO: New request 'l' from user 'frixotrix'. Request count: 23. User count: 2
Oct 04, 2020 3:45:44 PM com.leviancode.HoroscopeBot logging
INFO: New request 'c' from user 'frixotrix'. Request count: 24. User count: 2
Oct 04, 2020 3:45:45 PM com.leviancode.HoroscopeBot logging
INFO: New request 'b' from user 'frixotrix'. Request count: 25. User count: 2
Oct 04, 2020 3:49:57 PM com.leviancode.HoroscopeBot logging
INFO: New request '/start' from user 'levianlink'. Request count: 26. User count: 2
Oct 04, 2020 3:50:04 PM com.leviancode.HoroscopeBot logging
INFO: New request 'рак' from user 'levianlink'. Request count: 27. User count: 2
Oct 04, 2020 3:50:44 PM com.leviancode.HoroscopeBot logging
INFO: New request '/start' from user 'Diana'. Request count: 28. User count: 2
Oct 04, 2020 3:50:51 PM com.leviancode.HoroscopeBot logging
INFO: New request 'рак' from user 'Diana'. Request count: 29. User count: 3
Oct 04, 2020 3:51:37 PM com.leviancode.HoroscopeBot logging
INFO: New request 'l' from user 'levianlink'. Request count: 30. User count: 3
Oct 04, 2020 3:52:27 PM com.leviancode.HoroscopeBot logging
INFO: New request '/start' from user 'Valeriooo9910'. Request count: 31. User count: 3
Oct 04, 2020 3:52:31 PM com.leviancode.HoroscopeBot logging
INFO: New request 'весы' from user 'Valeriooo9910'. Request count: 32. User count: 4
Oct 04, 2020 3:52:46 PM com.leviancode.HoroscopeBot logging
INFO: New request 'l' from user 'Diana'. Request count: 33. User count: 4
Oct 04, 2020 3:53:04 PM com.leviancode.HoroscopeBot logging
INFO: New request 'b' from user 'levianlink'. Request count: 34. User count: 4
Oct 04, 2020 3:53:10 PM com.leviancode.HoroscopeBot logging
INFO: New request 'l' from user 'Valeriooo9910'. Request count: 35. User count: 4
Oct 04, 2020 4:13:16 PM com.leviancode.HoroscopeBot logging
INFO: New request 'телец' from user 'levianlink'. Request count: 36. User count: 4
Oct 04, 2020 4:19:37 PM com.leviancode.HoroscopeBot logging
INFO: New request 'h' from user 'Diana'. Request count: 37. User count: 4
Oct 04, 2020 4:19:49 PM com.leviancode.HoroscopeBot logging
INFO: New request 'b' from user 'Diana'. Request count: 38. User count: 4
Oct 04, 2020 4:30:56 PM com.leviancode.HoroscopeBot logging
INFO: New request '/start' from user 'Inna'. Request count: 39. User count: 4
Oct 04, 2020 4:31:53 PM com.leviancode.HoroscopeBot logging
INFO: New request 'весы' from user 'Inna'. Request count: 40. User count: 5
Oct 04, 2020 4:32:48 PM com.leviancode.HoroscopeBot logging
INFO: New request 'l' from user 'Inna'. Request count: 41. User count: 5
Oct 04, 2020 4:34:23 PM com.leviancode.HoroscopeBot logging
INFO: New request 'h' from user 'Inna'. Request count: 42. User count: 5
Oct 04, 2020 4:34:44 PM com.leviancode.HoroscopeBot logging
INFO: New request 'b' from user 'Inna'. Request count: 43. User count: 5
Oct 04, 2020 4:42:07 PM com.leviancode.HoroscopeBot logging
INFO: New request '/start' from user 'anita_tor'. Request count: 44. User count: 5
Oct 04, 2020 4:42:10 PM com.leviancode.HoroscopeBot logging
INFO: New request 'весы' from user 'anita_tor'. Request count: 45. User count: 6
Oct 04, 2020 4:46:04 PM com.leviancode.HoroscopeBot logging
INFO: New request '/start' from user 'marianna'. Request count: 46. User count: 6
Oct 04, 2020 4:46:12 PM com.leviancode.HoroscopeBot logging
INFO: New request 'дева' from user 'marianna'. Request count: 47. User count: 7
Oct 04, 2020 4:46:28 PM com.leviancode.HoroscopeBot logging
INFO: New request 'l' from user 'marianna'. Request count: 48. User count: 7
Oct 04, 2020 4:46:42 PM com.leviancode.HoroscopeBot logging
INFO: New request 'h' from user 'marianna'. Request count: 49. User count: 7
Oct 04, 2020 4:46:45 PM com.leviancode.HoroscopeBot logging
INFO: New request 'b' from user 'marianna'. Request count: 50. User count: 7
Oct 04, 2020 4:46:48 PM com.leviancode.HoroscopeBot logging
INFO: New request 'c' from user 'marianna'. Request count: 51. User count: 7
Oct 04, 2020 4:50:47 PM com.leviancode.HoroscopeBot logging
INFO: New request 'l' from user 'anita_tor'. Request count: 52. User count: 7
Oct 04, 2020 4:51:06 PM com.leviancode.HoroscopeBot logging
INFO: New request 'h' from user 'anita_tor'. Request count: 53. User count: 7
Oct 04, 2020 4:51:22 PM com.leviancode.HoroscopeBot logging
INFO: New request 'b' from user 'anita_tor'. Request count: 54. User count: 7
Oct 04, 2020 4:51:32 PM com.leviancode.HoroscopeBot logging
INFO: New request 'c' from user 'anita_tor'. Request count: 55. User count: 7
Oct 04, 2020 5:52:57 PM com.leviancode.HoroscopeBot logging
INFO: New request '/start' from user 'HiroTraveler'. Request count: 56. User count: 7
Oct 04, 2020 5:53:01 PM com.leviancode.HoroscopeBot logging
INFO: New request 'телец' from user 'HiroTraveler'. Request count: 57. User count: 8
Oct 04, 2020 5:53:13 PM com.leviancode.HoroscopeBot logging
INFO: New request 'стрелец' from user 'HiroTraveler'. Request count: 58. User count: 8
Oct 04, 2020 5:53:37 PM com.leviancode.HoroscopeBot logging
INFO: New request '/start' from user 'Светлана'. Request count: 59. User count: 8
Oct 04, 2020 5:53:40 PM com.leviancode.HoroscopeBot logging
INFO: New request 'водолей' from user 'Светлана'. Request count: 60. User count: 9
Oct 04, 2020 5:54:55 PM com.leviancode.HoroscopeBot logging
INFO: New request '/start' from user 'Eugenia'. Request count: 61. User count: 9
Oct 04, 2020 5:54:56 PM com.leviancode.HoroscopeBot logging
INFO: New request 'рыбы' from user 'Eugenia'. Request count: 62. User count: 10
Oct 04, 2020 5:59:53 PM com.leviancode.HoroscopeBot logging
INFO: New request '/start' from user 'SofiKoi'. Request count: 63. User count: 10
Oct 04, 2020 5:59:56 PM com.leviancode.HoroscopeBot logging
INFO: New request 'рак' from user 'SofiKoi'. Request count: 64. User count: 11
Oct 04, 2020 6:05:49 PM com.leviancode.HoroscopeBot logging
INFO: New request 'b' from user 'Светлана'. Request count: 65. User count: 11
Oct 04, 2020 6:05:57 PM com.leviancode.HoroscopeBot logging
INFO: New request 'h' from user 'Светлана'. Request count: 66. User count: 11
Oct 04, 2020 6:06:01 PM com.leviancode.HoroscopeBot logging
INFO: New request 'l' from user 'Светлана'. Request count: 67. User count: 11
Oct 04, 2020 6:06:30 PM com.leviancode.HoroscopeBot logging
INFO: New request '👍' from user 'Светлана'. Request count: 68. User count: 11
Oct 04, 2020 6:06:47 PM com.leviancode.HoroscopeBot logging
INFO: New request 'водолей' from user 'Светлана'. Request count: 69. User count: 11
Oct 04, 2020 8:19:04 PM com.leviancode.HoroscopeBot logging
INFO: New request '/start' from user 'LittleBlueSeaweed'. Request count: 70. User count: 11
Oct 04, 2020 8:19:06 PM com.leviancode.HoroscopeBot logging
INFO: New request 'рыбы' from user 'LittleBlueSeaweed'. Request count: 71. User count: 12
Oct 04, 2020 8:19:23 PM com.leviancode.HoroscopeBot logging
INFO: New request 'h' from user 'LittleBlueSeaweed'. Request count: 72. User count: 12
Oct 04, 2020 8:19:34 PM com.leviancode.HoroscopeBot logging
INFO: New request 'b' from user 'LittleBlueSeaweed'. Request count: 73. User count: 12
Oct 04, 2020 8:19:42 PM com.leviancode.HoroscopeBot logging
INFO: New request 'c' from user 'LittleBlueSeaweed'. Request count: 74. User count: 12
Oct 04, 2020 8:19:45 PM com.leviancode.HoroscopeBot logging
INFO: New request 'l' from user 'LittleBlueSeaweed'. Request count: 75. User count: 12
Oct 04, 2020 8:38:16 PM com.leviancode.HoroscopeBot logging
INFO: New request 'козерог' from user 'levianlink'. Request count: 76. User count: 12
Oct 04, 2020 8:38:37 PM com.leviancode.HoroscopeBot logging
INFO: New request 'l' from user 'levianlink'. Request count: 77. User count: 12
Oct 04, 2020 9:40:32 PM com.leviancode.HoroscopeBot logging
INFO: New request '/start' from user 'delsnuffles'. Request count: 78. User count: 12
Oct 04, 2020 9:40:36 PM com.leviancode.HoroscopeBot logging
INFO: New request 'близнецы' from user 'delsnuffles'. Request count: 79. User count: 13
Oct 05, 2020 12:58:53 AM com.leviancode.HoroscopeBot logging
INFO: New request '/start' from user 'sincoon'. Request count: 80. User count: 13
Oct 05, 2020 12:58:57 AM com.leviancode.HoroscopeBot logging
INFO: New request 'лев' from user 'sincoon'. Request count: 81. User count: 14
Oct 05, 2020 12:59:00 AM com.leviancode.HoroscopeBot logging
INFO: New request 'l' from user 'sincoon'. Request count: 82. User count: 14
Oct 05, 2020 1:08:00 AM com.leviancode.HoroscopeBot logging
INFO: New request 'лев' from user 'levianlink'. Request count: 83. User count: 14
