Oct 04, 2020 3:30:43 PM HoroscopeBot logging
INFO: New request '/start' from user '♡Вакарюк'. Request count: 1. User count: 0
Oct 04, 2020 3:30:43 PM HoroscopeBot logging
INFO: New request 'скорпион' from user '♡Вакарюк'. Request count: 2. User count: 1
Oct 04, 2020 3:31:19 PM HoroscopeBot logging
INFO: New request 'овен' from user 'frixotrix'. Request count: 3. User count: 2
Oct 04, 2020 3:31:28 PM HoroscopeBot logging
INFO: New request 'l' from user 'frixotrix'. Request count: 4. User count: 2
Oct 04, 2020 3:31:29 PM HoroscopeBot logging
INFO: New request 'c' from user 'frixotrix'. Request count: 5. User count: 2
Oct 04, 2020 3:31:40 PM HoroscopeBot logging
INFO: New request 'дева' from user 'frixotrix'. Request count: 6. User count: 2
Oct 04, 2020 3:32:10 PM HoroscopeBot logging
INFO: New request 'l' from user 'frixotrix'. Request count: 7. User count: 2
Oct 04, 2020 3:34:45 PM HoroscopeBot logging
INFO: New request 'h' from user 'frixotrix'. Request count: 8. User count: 2
Oct 04, 2020 3:34:48 PM HoroscopeBot logging
INFO: New request 'l' from user 'frixotrix'. Request count: 9. User count: 2
Oct 04, 2020 3:34:49 PM HoroscopeBot logging
INFO: New request 'h' from user 'frixotrix'. Request count: 10. User count: 2
Oct 04, 2020 3:34:57 PM HoroscopeBot logging
INFO: New request 'b' from user 'frixotrix'. Request count: 11. User count: 2
Oct 04, 2020 3:35:04 PM HoroscopeBot logging
INFO: New request 'l' from user 'frixotrix'. Request count: 12. User count: 2
Oct 04, 2020 3:35:13 PM HoroscopeBot logging
INFO: New request 'l' from user 'frixotrix'. Request count: 13. User count: 2
Oct 04, 2020 3:35:32 PM HoroscopeBot logging
INFO: New request 'телец' from user 'frixotrix'. Request count: 14. User count: 2
Oct 04, 2020 3:35:36 PM HoroscopeBot logging
INFO: New request 'близнецы' from user 'frixotrix'. Request count: 15. User count: 2
Oct 04, 2020 3:35:42 PM HoroscopeBot logging
INFO: New request 'скорпион' from user 'frixotrix'. Request count: 16. User count: 2
Oct 04, 2020 3:35:53 PM HoroscopeBot logging
INFO: New request 'l' from user 'frixotrix'. Request count: 17. User count: 2
Oct 04, 2020 3:36:12 PM HoroscopeBot logging
INFO: New request 'l' from user 'frixotrix'. Request count: 18. User count: 2
